%!Adobe-FontList 1.19
%Locale:0x409

%BeginFont
Handler:DirectoryHandler
FontType:Type1
FontName:Infini-Regular
FamilyName:Infini
StyleName:Regular
MenuName:Infini
StyleBits:0
WeightClass:400
WidthClass:5
AngleClass:0
FullName:Infini
WritingScript:Roman
OutlineFileName:\infini-regular.otf
DataFormat:sfntData
UsesStandardEncoding:yes
isCFF:yes
hasSVG:no
VariableFontType:NonVariableFont
FileLength:110340
FileModTime:1428721714
NameArray:0,Mac,18,Infini Regular
NameArray:0,Mac,4,Infini
NameArray:0,Win,1,Infini
%EndFont

%BeginFont
Handler:DirectoryHandler
FontType:TrueType
FontName:AauxProLight
FamilyName:Aaux ProLight
StyleName:Regular
MenuName:Aaux ProLight
StyleBits:0
WeightClass:400
WidthClass:5
AngleClass:0
FullName:Aaux ProLight
WritingScript:Roman
OutlineFileName:\AauxProLight.ttf
DataFormat:sfntData
hasSVG:no
VariableFontType:NonVariableFont
FileLength:40144
FileModTime:1325365164
NameArray:0,Mac,4,Aaux ProLight
NameArray:0,Win,1,Aaux ProLight
%EndFont

%BeginFont
Handler:DirectoryHandler
FontType:Type1
FontName:BebasNeue
FamilyName:Bebas Neue
StyleName:Regular
MenuName:Bebas Neue
StyleBits:0
WeightClass:400
WidthClass:5
AngleClass:0
FullName:Bebas Neue
WritingScript:Roman
OutlineFileName:\BebasNeue.otf
DataFormat:sfntData
UsesStandardEncoding:yes
isCFF:yes
hasSVG:no
VariableFontType:NonVariableFont
FileLength:72648
FileModTime:1333597562
NameArray:0,Mac,4,Bebas Neue
NameArray:0,Win,1,Bebas Neue
%EndFont

%BeginFont
Handler:DirectoryHandler
FontType:Type1
FontName:MinionPro-Regular
FamilyName:Minion Pro
StyleName:Regular
MenuName:Minion Pro
StyleBits:0
WeightClass:400
WidthClass:5
AngleClass:0
FullName:Minion Pro
WritingScript:Roman
OutlineFileName:\MinionPro-Regular.otf
DataFormat:sfntData
UsesStandardEncoding:yes
isCFF:yes
hasSVG:no
VariableFontType:NonVariableFont
FileLength:218640
FileModTime:1474373264
DesignSize:110
NameArray:0,Mac,4,Minion Pro
NameArray:0,Win,1,Minion Pro
%EndFont

%BeginFont
Handler:DirectoryHandler
FontType:TrueType
FontName:AauxProBlack
FamilyName:Aaux ProBlack
StyleName:Regular
MenuName:Aaux ProBlack
StyleBits:0
WeightClass:400
WidthClass:5
AngleClass:0
FullName:Aaux ProBlack
WritingScript:Roman
OutlineFileName:\AauxProBlack.ttf
DataFormat:sfntData
hasSVG:no
VariableFontType:NonVariableFont
FileLength:41460
FileModTime:1334830572
NameArray:0,Mac,4,Aaux ProBlack
NameArray:0,Win,1,Aaux ProBlack
%EndFont

